<?xml version="1.0" encoding="UTF-8"?>
<testsuite xmlns:xsi="http://www.w3.org/2001/XMLSchema-instance" xsi:noNamespaceSchemaLocation="https://maven.apache.org/surefire/maven-surefire-plugin/xsd/surefire-test-report-3.0.xsd" version="3.0" name="io.jonas.UserServiceApplicationTests" time="15.567" tests="1" errors="0" skipped="0" failures="0">
  <properties>
[...]
</properties>
  <testcase name="contextLoads" classname="io.jonas.UserServiceApplicationTests" time="2.717">
    <system-out><![CDATA[10:15:45.554 [main] INFO org.springframework.test.context.support.AnnotationConfigContextLoaderUtils -- Could not detect default configuration classes for test class [io.jonas.UserServiceApplicationTests]: UserServiceApplicationTests does not declare any static, non-private, non-final, nested classes annotated with @Configuration.
10:15:46.290 [main] INFO org.springframework.boot.test.context.SpringBootTestContextBootstrapper -- Found @SpringBootConfiguration io.jonas.UserServiceApplication for test class io.jonas.UserServiceApplicationTests

  .   ____          _            __ _ _
 /\\ / ___'_ __ _ _(_)_ __  __ _ \ \ \ \
( ( )\___ | '_ | '_| | '_ \/ _` | \ \ \ \
 \\/  ___)| |_)| | | | | || (_| |  ) ) ) )
  '  |____| .__|_| |_|_| |_\__, | / / / /
 =========|_|==============|___/=/_/_/_/
 :: Spring Boot ::                (v3.2.4)

2024-05-03T10:15:48.972-04:00  INFO 18368 --- [user-service] [           main] io.jonas.UserServiceApplicationTests     : Starting UserServiceApplicationTests using Java 17.0.10 with PID 18368 (started by Yonas in E:\MIU\MSD\Career_startegy\revsion\Java\Devops\kuberenetes\user-service)
2024-05-03T10:15:48.977-04:00  INFO 18368 --- [user-service] [           main] io.jonas.UserServiceApplicationTests     : No active profile set, falling back to 1 default profile: "default"
2024-05-03T10:15:56.805-04:00  INFO 18368 --- [user-service] [           main] io.jonas.UserServiceApplicationTests     : Started UserServiceApplicationTests in 9.392 seconds (process running for 15.257)
]]></system-out>
  </testcase>
</testsuite>